<?xml version="1.0" encoding="UTF-8"?>
<!-- Generated by org.testng.reporters.JUnitXMLReporter -->
<testsuite ignored="0" hostname="MacBook-Pro.local" failures="0" tests="3" name="Stand Alone Test" time="18.928" errors="0" timestamp="2022-09-21T09:30:05 IST">
  <testcase classname="com.rahulshettyacademy.tests.StandAloneTest" name="submitOrder" time="3.794"/>
  <testcase classname="com.rahulshettyacademy.tests.StandAloneTest" name="submitOrder" time="3.691"/>
  <testcase classname="com.rahulshettyacademy.tests.StandAloneTest" name="orderHistoryTest" time="0.709"/>
</testsuite> <!-- Stand Alone Test -->
