<?xml version="1.0" encoding="UTF-8"?>
<!-- Generated by org.testng.reporters.JUnitXMLReporter -->
<testsuite ignored="0" hostname="MacBook-Pro.local" failures="0" tests="3" name="Stand Alone Test" time="22.501" errors="0" timestamp="2022-10-12T08:42:10 IST">
  <testcase classname="com.rahulshettyacademy.tests.StandAloneTest" name="submitOrder" time="3.948"/>
  <testcase classname="com.rahulshettyacademy.tests.StandAloneTest" name="submitOrder" time="3.718"/>
  <testcase classname="com.rahulshettyacademy.tests.StandAloneTest" name="orderHistoryTest" time="0.66"/>
</testsuite> <!-- Stand Alone Test -->
