<?xml version="1.0" encoding="UTF-8"?>
<testng-results ignored="0" total="4" passed="4" failed="0" skipped="0">
  <reporter-output>
  </reporter-output>
  <suite started-at="2022-10-12T08:41:48 IST" name="Suite" finished-at="2022-10-12T08:42:10 IST" duration-ms="22501">
    <groups>
    </groups>
    <test started-at="2022-10-12T08:41:48 IST" name="Error Validation Test" finished-at="2022-10-12T08:41:54 IST" duration-ms="6828">
      <class name="com.rahulshettyacademy.tests.ErrorValidationsTest">
        <test-method is-config="true" signature="launchApplication()[pri:0, instance:com.rahulshettyacademy.tests.ErrorValidationsTest@71def8f8]" started-at="2022-10-12T08:41:48 IST" name="launchApplication" finished-at="2022-10-12T08:41:54 IST" duration-ms="6034" status="PASS">
          <reporter-output>
          </reporter-output>
        </test-method> <!-- launchApplication -->
        <test-method signature="endToEnd()[pri:0, instance:com.rahulshettyacademy.tests.ErrorValidationsTest@71def8f8]" started-at="2022-10-12T08:41:54 IST" name="endToEnd" finished-at="2022-10-12T08:41:54 IST" duration-ms="484" status="PASS">
          <reporter-output>
          </reporter-output>
        </test-method> <!-- endToEnd -->
        <test-method is-config="true" signature="tearDown()[pri:0, instance:com.rahulshettyacademy.tests.ErrorValidationsTest@71def8f8]" started-at="2022-10-12T08:41:54 IST" name="tearDown" finished-at="2022-10-12T08:41:54 IST" duration-ms="274" status="PASS">
          <reporter-output>
          </reporter-output>
        </test-method> <!-- tearDown -->
      </class> <!-- com.rahulshettyacademy.tests.ErrorValidationsTest -->
    </test> <!-- Error Validation Test -->
    <test started-at="2022-10-12T08:41:48 IST" name="Stand Alone Test" finished-at="2022-10-12T08:42:10 IST" duration-ms="22501">
      <class name="com.rahulshettyacademy.tests.StandAloneTest">
        <test-method is-config="true" signature="launchApplication()[pri:0, instance:com.rahulshettyacademy.tests.StandAloneTest@27462a88]" started-at="2022-10-12T08:41:48 IST" name="launchApplication" finished-at="2022-10-12T08:41:55 IST" duration-ms="7084" status="PASS">
          <reporter-output>
          </reporter-output>
        </test-method> <!-- launchApplication -->
        <test-method signature="submitOrder(java.util.HashMap)[pri:0, instance:com.rahulshettyacademy.tests.StandAloneTest@27462a88]" started-at="2022-10-12T08:41:55 IST" name="submitOrder" data-provider="getData" finished-at="2022-10-12T08:41:59 IST" duration-ms="3948" status="PASS">
          <params>
            <param index="0">
              <value>
                <![CDATA[{password=Myacademy@007, email=cjasraj98@gmail.com, productName=ZARA COAT 3}]]>
              </value>
            </param>
          </params>
          <reporter-output>
          </reporter-output>
        </test-method> <!-- submitOrder -->
        <test-method is-config="true" signature="tearDown()[pri:0, instance:com.rahulshettyacademy.tests.StandAloneTest@27462a88]" started-at="2022-10-12T08:41:59 IST" name="tearDown" finished-at="2022-10-12T08:41:59 IST" duration-ms="211" status="PASS">
          <reporter-output>
          </reporter-output>
        </test-method> <!-- tearDown -->
        <test-method is-config="true" signature="launchApplication()[pri:0, instance:com.rahulshettyacademy.tests.StandAloneTest@27462a88]" started-at="2022-10-12T08:41:59 IST" name="launchApplication" finished-at="2022-10-12T08:42:02 IST" duration-ms="3186" status="PASS">
          <reporter-output>
          </reporter-output>
        </test-method> <!-- launchApplication -->
        <test-method signature="submitOrder(java.util.HashMap)[pri:0, instance:com.rahulshettyacademy.tests.StandAloneTest@27462a88]" started-at="2022-10-12T08:42:02 IST" name="submitOrder" data-provider="getData" finished-at="2022-10-12T08:42:06 IST" duration-ms="3718" status="PASS">
          <params>
            <param index="0">
              <value>
                <![CDATA[{password=Myacademy@007, email=cjasraj98@gmail.com, productName=ADIDAS ORIGINAL}]]>
              </value>
            </param>
          </params>
          <reporter-output>
          </reporter-output>
        </test-method> <!-- submitOrder -->
        <test-method is-config="true" signature="tearDown()[pri:0, instance:com.rahulshettyacademy.tests.StandAloneTest@27462a88]" started-at="2022-10-12T08:42:06 IST" name="tearDown" finished-at="2022-10-12T08:42:06 IST" duration-ms="220" status="PASS">
          <reporter-output>
          </reporter-output>
        </test-method> <!-- tearDown -->
        <test-method is-config="true" signature="launchApplication()[pri:0, instance:com.rahulshettyacademy.tests.StandAloneTest@27462a88]" started-at="2022-10-12T08:42:06 IST" name="launchApplication" finished-at="2022-10-12T08:42:09 IST" duration-ms="3105" status="PASS">
          <reporter-output>
          </reporter-output>
        </test-method> <!-- launchApplication -->
        <test-method signature="orderHistoryTest()[pri:0, instance:com.rahulshettyacademy.tests.StandAloneTest@27462a88]" started-at="2022-10-12T08:42:09 IST" name="orderHistoryTest" finished-at="2022-10-12T08:42:10 IST" depends-on-methods="com.rahulshettyacademy.tests.StandAloneTest.submitOrder" duration-ms="660" status="PASS">
          <reporter-output>
          </reporter-output>
        </test-method> <!-- orderHistoryTest -->
        <test-method is-config="true" signature="tearDown()[pri:0, instance:com.rahulshettyacademy.tests.StandAloneTest@27462a88]" started-at="2022-10-12T08:42:10 IST" name="tearDown" finished-at="2022-10-12T08:42:10 IST" duration-ms="140" status="PASS">
          <reporter-output>
          </reporter-output>
        </test-method> <!-- tearDown -->
      </class> <!-- com.rahulshettyacademy.tests.StandAloneTest -->
    </test> <!-- Stand Alone Test -->
  </suite> <!-- Suite -->
</testng-results>
